2021-01-31 18:01:48,602 - root - INFO - Namespace(Ks='[10, 20, 40]', batch_size=256, c0=300, c1=600, coefficient=[1.0, 0.01], data_name='amazon-book', data_root='./data', dropout=[0.8, 0.7], dropout_cf=0.3, dropout_kg=0.2, embed_size=64, epochs=60, evaluate_every=1, lambda_bilinear=[1e-05, 1], lr=0.05, p=0.5, save_dir='./log/JNSKR/amazon-book/emb_size64_lr0.05/', sparsity=0, stop_patience=10, test_batch_size=128, weight=None, weight_l2=1e-05)
2021-01-31 18:02:00,389 - root - INFO - start to train, 60 epochs in all
2021-01-31 18:02:04,316 - root - INFO - epoch 1 train loss: -639.065466
2021-01-31 18:02:04,317 - root - INFO - epoch 1 evaluating ...
2021-01-31 18:03:55,022 - root - INFO -     [test] epoch 1 Recall @10: 0.01937483208283078 @20: 0.032355184315777136 @40: 0.0506603636686037
2021-01-31 18:03:55,022 - root - INFO -     [test] epoch 1 NDCG @10: 0.017521280233943125 @20: 0.02420367675811627 @40: 0.03251044785974834
2021-01-31 18:03:58,598 - root - INFO - epoch 2 train loss: -1215.637968
2021-01-31 18:03:58,598 - root - INFO - epoch 2 evaluating ...
2021-01-31 18:06:02,180 - root - INFO -     [test] epoch 2 Recall @10: 0.05481496144515168 @20: 0.08131526263044664 @40: 0.11680064617954591
2021-01-31 18:06:02,180 - root - INFO -     [test] epoch 2 NDCG @10: 0.047499321698794304 @20: 0.06050825613911677 @40: 0.07537295699728208
2021-01-31 18:06:05,875 - root - INFO - epoch 3 train loss: -1703.858246
2021-01-31 18:06:05,876 - root - INFO - epoch 3 evaluating ...
2021-01-31 18:08:06,599 - root - INFO -     [test] epoch 3 Recall @10: 0.07536974182387236 @20: 0.10800528221639934 @40: 0.14947670821122055
2021-01-31 18:08:06,599 - root - INFO -     [test] epoch 3 NDCG @10: 0.06605070026916122 @20: 0.08182010748379501 @40: 0.09878776446380219
2021-01-31 18:08:10,414 - root - INFO - epoch 4 train loss: -2056.379395
2021-01-31 18:08:10,415 - root - INFO - epoch 4 evaluating ...
2021-01-31 18:10:05,533 - root - INFO -     [test] epoch 4 Recall @10: 0.0859307872133085 @20: 0.12261045814823264 @40: 0.1703436261480857
2021-01-31 18:10:05,533 - root - INFO -     [test] epoch 4 NDCG @10: 0.07518623483591087 @20: 0.09265198650452605 @40: 0.11205259226350567
2021-01-31 18:10:09,790 - root - INFO - epoch 5 train loss: -2304.354268
2021-01-31 18:10:09,791 - root - INFO - epoch 5 evaluating ...
2021-01-31 18:12:09,458 - root - INFO -     [test] epoch 5 Recall @10: 0.09243207517075581 @20: 0.13272933299717382 @40: 0.18424279324216666
2021-01-31 18:12:09,458 - root - INFO -     [test] epoch 5 NDCG @10: 0.08010371461298489 @20: 0.09894593857208463 @40: 0.1196632652009923
2021-01-31 18:12:13,564 - root - INFO - epoch 6 train loss: -2487.952214
2021-01-31 18:12:13,565 - root - INFO - epoch 6 evaluating ...
2021-01-31 18:14:12,889 - root - INFO -     [test] epoch 6 Recall @10: 0.0962942319464345 @20: 0.13846746771190083 @40: 0.191208480143455
2021-01-31 18:14:12,889 - root - INFO -     [test] epoch 6 NDCG @10: 0.08424890951475415 @20: 0.10392027899519624 @40: 0.12515170490074853
2021-01-31 18:14:16,247 - root - INFO - epoch 7 train loss: -2616.733119
2021-01-31 18:14:16,247 - root - INFO - epoch 7 evaluating ...
2021-01-31 18:16:16,949 - root - INFO -     [test] epoch 7 Recall @10: 0.09888610885247653 @20: 0.1423616888317127 @40: 0.19664757499956567
2021-01-31 18:16:16,949 - root - INFO -     [test] epoch 7 NDCG @10: 0.08626153759482362 @20: 0.10643752313823533 @40: 0.12830763751922977
2021-01-31 18:16:20,338 - root - INFO - epoch 8 train loss: -2713.005649
2021-01-31 18:16:20,338 - root - INFO - epoch 8 evaluating ...
2021-01-31 18:18:24,787 - root - INFO -     [test] epoch 8 Recall @10: 0.10059387613043183 @20: 0.14500132916580155 @40: 0.20077421096269718
2021-01-31 18:18:24,787 - root - INFO -     [test] epoch 8 NDCG @10: 0.08804345276530334 @20: 0.1085590495265036 @40: 0.13084010866694099
2021-01-31 18:18:28,393 - root - INFO - epoch 9 train loss: -2788.666460
2021-01-31 18:18:28,393 - root - INFO - epoch 9 evaluating ...
2021-01-31 18:20:31,512 - root - INFO -     [test] epoch 9 Recall @10: 0.10102067505817591 @20: 0.14708854545787167 @40: 0.20334604256691982
2021-01-31 18:20:31,512 - root - INFO -     [test] epoch 9 NDCG @10: 0.08886354091222064 @20: 0.11005519683481958 @40: 0.13248288242915543
2021-01-31 18:20:34,722 - root - INFO - epoch 10 train loss: -2846.468054
2021-01-31 18:20:34,723 - root - INFO - epoch 10 evaluating ...
2021-01-31 18:22:31,097 - root - INFO -     [test] epoch 10 Recall @10: 0.10309557202607403 @20: 0.149682037023828 @40: 0.2061224702579587
2021-01-31 18:22:31,098 - root - INFO -     [test] epoch 10 NDCG @10: 0.09052970653919544 @20: 0.11183439112466509 @40: 0.13430977870706007
2021-01-31 18:22:34,588 - root - INFO - epoch 11 train loss: -2899.009337
2021-01-31 18:22:34,589 - root - INFO - epoch 11 evaluating ...
2021-01-31 18:24:38,917 - root - INFO -     [test] epoch 11 Recall @10: 0.10479048633413952 @20: 0.1510914006735817 @40: 0.20882657694669912
2021-01-31 18:24:38,918 - root - INFO -     [test] epoch 11 NDCG @10: 0.09154145827105976 @20: 0.11289685767959368 @40: 0.13592140934345817
2021-01-31 18:24:42,325 - root - INFO - epoch 12 train loss: -2932.240134
2021-01-31 18:24:42,326 - root - INFO - epoch 12 evaluating ...
2021-01-31 18:26:46,859 - root - INFO -     [test] epoch 12 Recall @10: 0.10583348072219244 @20: 0.15259832424931494 @40: 0.2107979392336785
2021-01-31 18:26:46,859 - root - INFO -     [test] epoch 12 NDCG @10: 0.09239354520705194 @20: 0.1138868396303832 @40: 0.13704190579885578
2021-01-31 18:26:50,531 - root - INFO - epoch 13 train loss: -2968.601229
2021-01-31 18:26:50,532 - root - INFO - epoch 13 evaluating ...
2021-01-31 18:28:52,073 - root - INFO -     [test] epoch 13 Recall @10: 0.10577969835510005 @20: 0.15303096112009917 @40: 0.2118236350871851
2021-01-31 18:28:52,074 - root - INFO -     [test] epoch 13 NDCG @10: 0.09222371808855252 @20: 0.11402539615423304 @40: 0.13732954618478557
2021-01-31 18:28:55,694 - root - INFO - epoch 14 train loss: -2995.133427
2021-01-31 18:28:55,695 - root - INFO - epoch 14 evaluating ...
2021-01-31 18:30:57,386 - root - INFO -     [test] epoch 14 Recall @10: 0.10607093445020396 @20: 0.1541477450657621 @40: 0.21344602061409063
2021-01-31 18:30:57,386 - root - INFO -     [test] epoch 14 NDCG @10: 0.09245198448814664 @20: 0.11449528624955713 @40: 0.1380712481648396
2021-01-31 18:31:00,833 - root - INFO - epoch 15 train loss: -3022.416344
2021-01-31 18:31:00,833 - root - INFO - epoch 15 evaluating ...
2021-01-31 18:33:04,165 - root - INFO -     [test] epoch 15 Recall @10: 0.10634975853762647 @20: 0.1538143937810122 @40: 0.2131017006945628
2021-01-31 18:33:04,166 - root - INFO -     [test] epoch 15 NDCG @10: 0.09285917510082135 @20: 0.11460723227289026 @40: 0.13831862868807682
2021-01-31 18:33:07,538 - root - INFO - epoch 16 train loss: -3043.030902
2021-01-31 18:33:07,539 - root - INFO - epoch 16 evaluating ...
2021-01-31 18:35:07,207 - root - INFO -     [test] epoch 16 Recall @10: 0.10696024898861867 @20: 0.15428366897173962 @40: 0.21495091221066404
2021-01-31 18:35:07,207 - root - INFO -     [test] epoch 16 NDCG @10: 0.09312855150425857 @20: 0.11497778165286429 @40: 0.1391212714205771
2021-01-31 18:35:10,621 - root - INFO - epoch 17 train loss: -3061.379255
2021-01-31 18:35:10,622 - root - INFO - epoch 17 evaluating ...
2021-01-31 18:37:13,094 - root - INFO -     [test] epoch 17 Recall @10: 0.1072145265188847 @20: 0.15493855858195935 @40: 0.21553721955057414
2021-01-31 18:37:13,095 - root - INFO -     [test] epoch 17 NDCG @10: 0.09323140470118611 @20: 0.11514283326493191 @40: 0.13926515862078964
2021-01-31 18:37:17,166 - root - INFO - epoch 18 train loss: -3072.740157
2021-01-31 18:37:17,166 - root - INFO - epoch 18 evaluating ...
2021-01-31 18:39:18,917 - root - INFO -     [test] epoch 18 Recall @10: 0.10741440334656599 @20: 0.1555839750288315 @40: 0.21596179595927933
2021-01-31 18:39:18,917 - root - INFO -     [test] epoch 18 NDCG @10: 0.09361377308387983 @20: 0.11571052654542426 @40: 0.139744828556699
2021-01-31 18:39:22,412 - root - INFO - epoch 19 train loss: -3087.995523
2021-01-31 18:39:22,412 - root - INFO - epoch 19 evaluating ...
2021-01-31 18:41:24,919 - root - INFO -     [test] epoch 19 Recall @10: 0.10737187331191414 @20: 0.1560346693655665 @40: 0.21603771428790844
2021-01-31 18:41:24,919 - root - INFO -     [test] epoch 19 NDCG @10: 0.09377886846487939 @20: 0.1160312491057565 @40: 0.1399131093508647
2021-01-31 18:41:28,100 - root - INFO - epoch 20 train loss: -3103.437219
2021-01-31 18:41:28,100 - root - INFO - epoch 20 evaluating ...
2021-01-31 18:43:27,464 - root - INFO -     [test] epoch 20 Recall @10: 0.10772571396743758 @20: 0.15650761641609404 @40: 0.21688560562459655
2021-01-31 18:43:27,471 - root - INFO -     [test] epoch 20 NDCG @10: 0.09408567440094621 @20: 0.11645735645053072 @40: 0.14052773796041787
2021-01-31 18:43:30,953 - root - INFO - epoch 21 train loss: -3113.244222
2021-01-31 18:43:30,953 - root - INFO - epoch 21 evaluating ...
2021-01-31 18:45:29,515 - root - INFO -     [test] epoch 21 Recall @10: 0.10733066201131566 @20: 0.1567270123057139 @40: 0.2170432326388032
2021-01-31 18:45:29,515 - root - INFO -     [test] epoch 21 NDCG @10: 0.09406554672844827 @20: 0.1166309825108471 @40: 0.14078728395952197
2021-01-31 18:45:32,764 - root - INFO - epoch 22 train loss: -3121.481465
2021-01-31 18:45:32,765 - root - INFO - epoch 22 evaluating ...
2021-01-31 18:47:30,653 - root - INFO -     [test] epoch 22 Recall @10: 0.10769345535777469 @20: 0.15689995897488937 @40: 0.2175310528095047
2021-01-31 18:47:30,654 - root - INFO -     [test] epoch 22 NDCG @10: 0.09403731365992915 @20: 0.1163569145925533 @40: 0.14063477103559704
2021-01-31 18:47:33,965 - root - INFO - epoch 23 train loss: -3135.525565
2021-01-31 18:47:33,965 - root - INFO - epoch 23 evaluating ...
2021-01-31 18:49:31,059 - root - INFO -     [test] epoch 23 Recall @10: 0.10795970916518513 @20: 0.15731865862915048 @40: 0.217744094990736
2021-01-31 18:49:31,059 - root - INFO -     [test] epoch 23 NDCG @10: 0.09416026779041396 @20: 0.11679389350157597 @40: 0.14087078323409635
2021-01-31 18:49:34,642 - root - INFO - epoch 24 train loss: -3142.193598
2021-01-31 18:49:34,642 - root - INFO - epoch 24 evaluating ...
2021-01-31 18:51:31,159 - root - INFO -     [test] epoch 24 Recall @10: 0.10821025684869198 @20: 0.15719176388747663 @40: 0.2174141964820829
2021-01-31 18:51:31,162 - root - INFO -     [test] epoch 24 NDCG @10: 0.09430807204412332 @20: 0.1167674340471729 @40: 0.14087489923930746
2021-01-31 18:51:35,234 - root - INFO - epoch 25 train loss: -3151.624280
2021-01-31 18:51:35,235 - root - INFO - epoch 25 evaluating ...
2021-01-31 18:53:30,910 - root - INFO -     [test] epoch 25 Recall @10: 0.10786384413566232 @20: 0.1569728688428947 @40: 0.21772253605557254
2021-01-31 18:53:30,911 - root - INFO -     [test] epoch 25 NDCG @10: 0.09421946927302817 @20: 0.11673078872839147 @40: 0.14096485387711885
2021-01-31 18:53:34,395 - root - INFO - epoch 26 train loss: -3155.988986
2021-01-31 18:53:34,395 - root - INFO - epoch 26 evaluating ...
2021-01-31 18:55:33,854 - root - INFO -     [test] epoch 26 Recall @10: 0.1082764881825899 @20: 0.1576298701569471 @40: 0.21937793093939056
2021-01-31 18:55:33,855 - root - INFO -     [test] epoch 26 NDCG @10: 0.09412541237602196 @20: 0.11674928516196072 @40: 0.14136421467725477
2021-01-31 18:55:37,332 - root - INFO - epoch 27 train loss: -3165.551218
2021-01-31 18:55:37,333 - root - INFO - epoch 27 evaluating ...
2021-01-31 18:57:37,962 - root - INFO -     [test] epoch 27 Recall @10: 0.10803484480655044 @20: 0.1570899255775572 @40: 0.2191637079904842
2021-01-31 18:57:37,963 - root - INFO -     [test] epoch 27 NDCG @10: 0.09380635332812652 @20: 0.1162904018442553 @40: 0.14091692730747293
2021-01-31 18:57:41,194 - root - INFO - epoch 28 train loss: -3173.006440
2021-01-31 18:57:41,195 - root - INFO - epoch 28 evaluating ...
2021-01-31 18:59:44,124 - root - INFO -     [test] epoch 28 Recall @10: 0.10768915517863134 @20: 0.1574070789862935 @40: 0.21934087936376348
2021-01-31 18:59:44,125 - root - INFO -     [test] epoch 28 NDCG @10: 0.09384707024731205 @20: 0.11647070419799162 @40: 0.14123254488250253
2021-01-31 18:59:47,647 - root - INFO - epoch 29 train loss: -3176.565430
2021-01-31 18:59:47,648 - root - INFO - epoch 29 evaluating ...
2021-01-31 19:01:49,225 - root - INFO -     [test] epoch 29 Recall @10: 0.10786605107814384 @20: 0.15720016104794077 @40: 0.21944656652592912
2021-01-31 19:01:49,226 - root - INFO -     [test] epoch 29 NDCG @10: 0.09377705204089674 @20: 0.11648899689627112 @40: 0.14123323803389026
2021-01-31 19:01:53,197 - root - INFO - epoch 30 train loss: -3182.601053
2021-01-31 19:01:53,197 - root - INFO - epoch 30 evaluating ...
2021-01-31 19:03:57,681 - root - INFO -     [test] epoch 30 Recall @10: 0.10784319878485193 @20: 0.158132193989841 @40: 0.21969740291578735
2021-01-31 19:03:57,681 - root - INFO -     [test] epoch 30 NDCG @10: 0.09407678280885848 @20: 0.11706333760961952 @40: 0.14161716383068193
2021-01-31 19:04:01,044 - root - INFO - epoch 31 train loss: -3190.418059
2021-01-31 19:04:01,045 - root - INFO - epoch 31 evaluating ...
2021-01-31 19:06:03,229 - root - INFO -     [test] epoch 31 Recall @10: 0.10795034504073162 @20: 0.158077892253787 @40: 0.21949266817933444
2021-01-31 19:06:03,229 - root - INFO -     [test] epoch 31 NDCG @10: 0.09348987570508079 @20: 0.11637989057946652 @40: 0.14089891420889802
2021-01-31 19:06:06,997 - root - INFO - epoch 32 train loss: -3193.228335
2021-01-31 19:06:06,998 - root - INFO - epoch 32 evaluating ...
2021-01-31 19:08:08,831 - root - INFO -     [test] epoch 32 Recall @10: 0.10725554932058876 @20: 0.15788589841609033 @40: 0.21982326903372304
2021-01-31 19:08:08,832 - root - INFO -     [test] epoch 32 NDCG @10: 0.09349764167287818 @20: 0.11670537259172266 @40: 0.14133119571148461
2021-01-31 19:08:12,322 - root - INFO - epoch 33 train loss: -3199.307479
2021-01-31 19:08:12,322 - root - INFO - epoch 33 evaluating ...
2021-01-31 19:10:16,732 - root - INFO -     [test] epoch 33 Recall @10: 0.10811584054583784 @20: 0.15786088827281536 @40: 0.22008947579495036
2021-01-31 19:10:16,735 - root - INFO -     [test] epoch 33 NDCG @10: 0.09412158708134266 @20: 0.11681611554267268 @40: 0.1415159224514188
2021-01-31 19:10:20,185 - root - INFO - epoch 34 train loss: -3200.228173
2021-01-31 19:10:20,186 - root - INFO - epoch 34 evaluating ...
2021-01-31 19:12:25,039 - root - INFO -     [test] epoch 34 Recall @10: 0.10761017533972107 @20: 0.1581300589459326 @40: 0.22012637287144657
2021-01-31 19:12:25,040 - root - INFO -     [test] epoch 34 NDCG @10: 0.09372678825216196 @20: 0.1166771185738178 @40: 0.14135648485302754
2021-01-31 19:12:28,478 - root - INFO - epoch 35 train loss: -3209.205366
2021-01-31 19:12:28,479 - root - INFO - epoch 35 evaluating ...
2021-01-31 19:14:31,927 - root - INFO -     [test] epoch 35 Recall @10: 0.10716373336640252 @20: 0.15772503989826972 @40: 0.219766635702227
2021-01-31 19:14:31,930 - root - INFO -     [test] epoch 35 NDCG @10: 0.09349036334785904 @20: 0.11651739347372346 @40: 0.14125043644258473
2021-01-31 19:14:35,687 - root - INFO - epoch 36 train loss: -3209.157610
2021-01-31 19:14:35,688 - root - INFO - epoch 36 evaluating ...
2021-01-31 19:16:40,466 - root - INFO -     [test] epoch 36 Recall @10: 0.10751765398128159 @20: 0.1575530538859512 @40: 0.22024154115723835
2021-01-31 19:16:40,466 - root - INFO -     [test] epoch 36 NDCG @10: 0.09358872748735976 @20: 0.11634374820515202 @40: 0.14126145939995
2021-01-31 19:16:43,921 - root - INFO - epoch 37 train loss: -3215.494902
2021-01-31 19:16:43,922 - root - INFO - epoch 37 evaluating ...
2021-01-31 19:18:50,512 - root - INFO -     [test] epoch 37 Recall @10: 0.10805213756529973 @20: 0.15773192589321597 @40: 0.2199476754893216
2021-01-31 19:18:50,513 - root - INFO -     [test] epoch 37 NDCG @10: 0.09373241606748536 @20: 0.11645652126449044 @40: 0.14113277890408596
2021-01-31 19:18:54,013 - root - INFO - epoch 38 train loss: -3217.344304
2021-01-31 19:18:54,013 - root - INFO - epoch 38 evaluating ...
2021-01-31 19:20:58,969 - root - INFO -     [test] epoch 38 Recall @10: 0.10763187916897586 @20: 0.15776887015113278 @40: 0.22027689524733576
2021-01-31 19:20:58,970 - root - INFO -     [test] epoch 38 NDCG @10: 0.09360966866911523 @20: 0.11654736166845026 @40: 0.141268062337857
2021-01-31 19:21:02,994 - root - INFO - epoch 39 train loss: -3220.516636
2021-01-31 19:21:02,995 - root - INFO - epoch 39 evaluating ...
2021-01-31 19:23:03,800 - root - INFO -     [test] epoch 39 Recall @10: 0.10734988562247297 @20: 0.1577008185810289 @40: 0.2193870396409853
2021-01-31 19:23:03,800 - root - INFO -     [test] epoch 39 NDCG @10: 0.0933694383650478 @20: 0.11637258716280263 @40: 0.1409725132459874
2021-01-31 19:23:07,363 - root - INFO - epoch 40 train loss: -3222.514789
2021-01-31 19:23:07,363 - root - INFO - epoch 40 evaluating ...
2021-01-31 19:25:08,684 - root - INFO -     [test] epoch 40 Recall @10: 0.10733373912464549 @20: 0.15794440565681195 @40: 0.21951247058997148
2021-01-31 19:25:08,684 - root - INFO -     [test] epoch 40 NDCG @10: 0.09319289366607778 @20: 0.11634890721359463 @40: 0.14086554075397384
2021-01-31 19:25:08,684 - root - INFO - early-stop at epoch 40
2021-01-31 19:25:08,684 - root - INFO - max Recall@10: 0.1082764881825899 at epoch 25
2021-01-31 19:25:08,684 - root - INFO - max Recall@20: 0.158132193989841 at epoch 29
2021-01-31 19:25:08,684 - root - INFO - max Recall@40: 0.22027689524733576 at epoch 37
2021-01-31 19:25:08,685 - root - INFO - max NDCG@10: 0.09430807204412332 at epoch 23
2021-01-31 19:25:08,685 - root - INFO - max NDCG@20: 0.11706333760961952 at epoch 29
2021-01-31 19:25:08,685 - root - INFO - max NDCG@40: 0.14161716383068193 at epoch 29
